<?xml version="1.0" encoding="UTF-8"?>
<testng-results ignored="0" total="1" passed="1" failed="0" skipped="0">
  <reporter-output>
  </reporter-output>
  <suite started-at="2025-07-16T16:01:12 IST" name="Default suite" finished-at="2025-07-16T16:01:47 IST" duration-ms="35296">
    <groups>
    </groups>
    <test started-at="2025-07-16T16:01:12 IST" name="Default test" finished-at="2025-07-16T16:01:47 IST" duration-ms="35296">
      <class name="ios.jumanji">
        <test-method is-config="true" signature="setUp()[pri:0, instance:ios.jumanji@3d74bf60]" started-at="2025-07-16T16:01:12 IST" name="setUp" finished-at="2025-07-16T16:01:35 IST" duration-ms="23742" status="PASS">
          <reporter-output>
          </reporter-output>
        </test-method> <!-- setUp -->
        <test-method signature="testOnLetsGoPage()[pri:0, instance:ios.jumanji@3d74bf60]" started-at="2025-07-16T16:01:35 IST" name="testOnLetsGoPage" finished-at="2025-07-16T16:01:47 IST" duration-ms="11536" status="PASS">
          <reporter-output>
          </reporter-output>
        </test-method> <!-- testOnLetsGoPage -->
      </class> <!-- ios.jumanji -->
    </test> <!-- Default test -->
  </suite> <!-- Default suite -->
</testng-results>
