<?xml version="1.0" encoding="UTF-8"?>
<!-- Generated by org.testng.reporters.JUnitXMLReporter -->
<testsuite ignored="8" hostname="BGMacs-iMac.local" failures="2" tests="2" name="RunSelected" time="0.114" errors="0" timestamp="2025-07-01T17:46:51 IST">
  <testcase classname="ios.RG_rideNow" name="launchdiazabRideNowaddOnFlow" time="0.077">
    <failure type="java.lang.NullPointerException" message="Cannot invoke &amp;quot;io.appium.java_client.AppiumDriver.perform(java.util.Collection)&amp;quot; because &amp;quot;ios.customerapplaunch.driver&amp;quot; is null">
      <![CDATA[java.lang.NullPointerException: Cannot invoke "io.appium.java_client.AppiumDriver.perform(java.util.Collection)" because "ios.customerapplaunch.driver" is null
at ios.customerapplaunch.testOnHomeScreen_RideNow(customerapplaunch.java:2456)
at ios.Launch_RideNow_AddOnStop_CompleteRide.testOnHomeScreen_RideNow(Launch_RideNow_AddOnStop_CompleteRide.java:27)
at ios.RG_rideNow.launchdiazabRideNowaddOnFlow(RG_rideNow.java:154)
at java.base/java.util.ArrayList.forEach(ArrayList.java:1511)
... Removed 27 stack frames]]>
    </failure>
  </testcase> <!-- launchdiazabRideNowaddOnFlow -->
  <testcase classname="ios.RG_rideNow" name="launchdmRideNowchauffeurcancelFlow" time="0.001">
    <failure type="java.lang.NullPointerException" message="Cannot invoke &amp;quot;io.appium.java_client.AppiumDriver.perform(java.util.Collection)&amp;quot; because &amp;quot;ios.customerapplaunch.driver&amp;quot; is null">
      <![CDATA[java.lang.NullPointerException: Cannot invoke "io.appium.java_client.AppiumDriver.perform(java.util.Collection)" because "ios.customerapplaunch.driver" is null
at ios.customerapplaunch.testOnHomeScreen_RideNow(customerapplaunch.java:2456)
at ios.Launch_RideNow_ChauffeurCancelsTrip.testOnHomeScreen_RideNow(Launch_RideNow_ChauffeurCancelsTrip.java:27)
at ios.RG_rideNow.launchdmRideNowchauffeurcancelFlow(RG_rideNow.java:169)
at java.base/java.util.ArrayList.forEach(ArrayList.java:1511)
... Removed 27 stack frames]]>
    </failure>
  </testcase> <!-- launchdmRideNowchauffeurcancelFlow -->
  <testcase classname="ios.RG_rideNow" name="launchdiazabRideNowSchedulater" time="0.0">
    <ignored/>
  </testcase> <!-- launchdiazabRideNowSchedulater -->
  <testcase classname="ios.RG_rideNow" name="launchrideNow_OtherCities" time="0.0">
    <ignored/>
  </testcase> <!-- launchrideNow_OtherCities -->
  <testcase classname="ios.RG_rideNow" name="launchdubaiMallCardFlow1" time="0.0">
    <ignored/>
  </testcase> <!-- launchdubaiMallCardFlow1 -->
  <testcase classname="ios.RG_rideNow" name="launchabudhabiRideNowAppleFlow" time="0.0">
    <ignored/>
  </testcase> <!-- launchabudhabiRideNowAppleFlow -->
  <testcase classname="ios.RG_rideNow" name="launchdiaStarTripEarlyCompleteFlow" time="0.0">
    <ignored/>
  </testcase> <!-- launchdiaStarTripEarlyCompleteFlow -->
  <testcase classname="ios.RG_rideNow" name="launchdubaiAirportLocCashFlow1" time="0.0">
    <ignored/>
  </testcase> <!-- launchdubaiAirportLocCashFlow1 -->
  <testcase classname="ios.RG_rideNow" name="launchdiaStartTripEarlyIncompleteFlow" time="0.0">
    <ignored/>
  </testcase> <!-- launchdiaStartTripEarlyIncompleteFlow -->
  <testcase classname="ios.RG_rideNow" name="launchadRideNowSchedulater" time="0.0">
    <ignored/>
  </testcase> <!-- launchadRideNowSchedulater -->
</testsuite> <!-- RunSelected -->
