<?xml version="1.0" encoding="UTF-8"?>
<!-- Generated by org.testng.reporters.JUnitXMLReporter -->
<testsuite hostname="BGMacs-iMac.local" failures="0" tests="7" name="Default test" time="94.656" errors="0" timestamp="17 Jul 2025 10:27:45 GMT">
  <testcase classname="English_Android_Customer.uhhdgjf" name="testOnIntroPage" time="4.13"/>
  <testcase classname="English_Android_Customer.uhhdgjf" name="testOnLetsgetstartedPage" time="36.814"/>
  <testcase classname="English_Android_Customer.uhhdgjf" name="testOnOTPlogin_Simu" time="11.427"/>
  <testcase classname="English_Android_Customer.uhhdgjf" name="testOnMapAllow" time="7.754"/>
  <testcase classname="English_Android_Customer.uhhdgjf" name="testOnNotificAllow" time="10.101"/>
  <testcase classname="English_Android_Customer.uhhdgjf" name="testOnscheduleLater" time="3.513"/>
  <testcase classname="English_Android_Customer.uhhdgjf" name="testScheduleLaterFlow" time="0.113"/>
</testsuite> <!-- Default test -->
