<?xml version="1.0" encoding="UTF-8"?>
<!-- Generated by org.testng.reporters.JUnitXMLReporter -->
<testsuite hostname="BGMacs-iMac.local" failures="0" tests="10" name="Default test" time="3265.861" errors="0" timestamp="15 Jul 2025 11:38:05 GMT">
  <testcase classname="English_Android_Customer.Hourly_RG_TestCases" name="Launch_Hourly_DIA_T1_Cash" time="370.982"/>
  <testcase classname="English_Android_Customer.Hourly_RG_TestCases" name="Launch_Hourly_DM_FA_Card" time="423.953"/>
  <testcase classname="English_Android_Customer.Hourly_RG_TestCases" name="Launch_Hourly_AD_Gpay" time="347.357"/>
  <testcase classname="English_Android_Customer.Hourly_RG_TestCases" name="Launch_Hourly_twarecentre_Cash" time="409.209"/>
  <testcase classname="English_Android_Customer.Hourly_RG_TestCases" name="Launch_Hourly_StartTripEarlyCan_DM_Zab_Gpay" time="316.649"/>
  <testcase classname="English_Android_Customer.Hourly_RG_TestCases" name="Launch_Hourly_StartTripEarly_DM_FA_Card" time="534.73"/>
  <testcase classname="English_Android_Customer.Hourly_RG_TestCases" name="Launch_Hourly_ScheduleLater_DM_DuLGL_Cash" time="200.098"/>
  <testcase classname="English_Android_Customer.Hourly_RG_TestCases" name="Launch_Hourly_ScheduleLater_AbuDhabi_Gpay" time="200.54"/>
  <testcase classname="English_Android_Customer.Hourly_RG_TestCases" name="Launch_Hourly_ScheduleLater_AITwar_Cash" time="191.232"/>
  <testcase classname="English_Android_Customer.Hourly_RG_TestCases" name="Launch_Hourly_Others_SorryPage" time="178.53"/>
</testsuite> <!-- Default test -->
