<?xml version="1.0" encoding="UTF-8"?>
<testng-results total="7" passed="7" failed="0" skipped="0">
  <reporter-output>
  </reporter-output>
  <suite started-at="2025-07-17T10:26:10Z" name="Default suite" finished-at="2025-07-17T10:27:45Z" duration-ms="94656">
    <groups>
    </groups>
    <test started-at="2025-07-17T10:26:10Z" name="Default test" finished-at="2025-07-17T10:27:45Z" duration-ms="94656">
      <class name="English_Android_Customer.uhhdgjf">
        <test-method is-config="true" signature="setUp()[pri:0, instance:English_Android_Customer.uhhdgjf@449a4f23]" started-at="2025-07-17T15:56:10Z" name="setUp" finished-at="2025-07-17T15:56:31Z" duration-ms="20792" status="PASS">
          <reporter-output>
          </reporter-output>
        </test-method> <!-- setUp -->
        <test-method signature="testOnIntroPage()[pri:0, instance:English_Android_Customer.uhhdgjf@449a4f23]" started-at="2025-07-17T15:56:31Z" name="testOnIntroPage" finished-at="2025-07-17T15:56:35Z" duration-ms="4130" status="PASS">
          <reporter-output>
          </reporter-output>
        </test-method> <!-- testOnIntroPage -->
        <test-method signature="testOnLetsgetstartedPage()[pri:0, instance:English_Android_Customer.uhhdgjf@449a4f23]" started-at="2025-07-17T15:56:35Z" name="testOnLetsgetstartedPage" finished-at="2025-07-17T15:57:12Z" depends-on-methods="English_Android_Customer.uhhdgjf.testOnIntroPage" duration-ms="36814" status="PASS">
          <reporter-output>
          </reporter-output>
        </test-method> <!-- testOnLetsgetstartedPage -->
        <test-method signature="testOnOTPlogin_Simu()[pri:0, instance:English_Android_Customer.uhhdgjf@449a4f23]" started-at="2025-07-17T15:57:12Z" name="testOnOTPlogin_Simu" finished-at="2025-07-17T15:57:24Z" depends-on-methods="English_Android_Customer.uhhdgjf.testOnLetsgetstartedPage" duration-ms="11427" status="PASS">
          <reporter-output>
          </reporter-output>
        </test-method> <!-- testOnOTPlogin_Simu -->
        <test-method signature="testOnMapAllow()[pri:0, instance:English_Android_Customer.uhhdgjf@449a4f23]" started-at="2025-07-17T15:57:24Z" name="testOnMapAllow" finished-at="2025-07-17T15:57:31Z" depends-on-methods="English_Android_Customer.uhhdgjf.testOnOTPlogin_Simu" duration-ms="7754" status="PASS">
          <reporter-output>
          </reporter-output>
        </test-method> <!-- testOnMapAllow -->
        <test-method signature="testOnNotificAllow()[pri:0, instance:English_Android_Customer.uhhdgjf@449a4f23]" started-at="2025-07-17T15:57:31Z" name="testOnNotificAllow" finished-at="2025-07-17T15:57:41Z" depends-on-methods="English_Android_Customer.uhhdgjf.testOnMapAllow" duration-ms="10101" status="PASS">
          <reporter-output>
          </reporter-output>
        </test-method> <!-- testOnNotificAllow -->
        <test-method signature="testOnscheduleLater()[pri:0, instance:English_Android_Customer.uhhdgjf@449a4f23]" started-at="2025-07-17T15:57:41Z" name="testOnscheduleLater" finished-at="2025-07-17T15:57:45Z" depends-on-methods="English_Android_Customer.uhhdgjf.testOnNotificAllow" duration-ms="3513" status="PASS">
          <reporter-output>
          </reporter-output>
        </test-method> <!-- testOnscheduleLater -->
        <test-method signature="testScheduleLaterFlow()[pri:0, instance:English_Android_Customer.uhhdgjf@449a4f23]" started-at="2025-07-17T15:57:45Z" name="testScheduleLaterFlow" finished-at="2025-07-17T15:57:45Z" depends-on-methods="English_Android_Customer.uhhdgjf.testOnscheduleLater" duration-ms="113" status="PASS">
          <reporter-output>
          </reporter-output>
        </test-method> <!-- testScheduleLaterFlow -->
      </class> <!-- English_Android_Customer.uhhdgjf -->
    </test> <!-- Default test -->
  </suite> <!-- Default suite -->
</testng-results>
